<?xml version="1.0" encoding="UTF-8"?>
<!-- Generated by org.testng.reporters.JUnitXMLReporter -->
<testsuite ignored="0" hostname="ISSLT560" failures="0" tests="1" name="Vajra" time="7.641" errors="0" timestamp="2021-03-09T13:38:46 IST">
  <testcase classname="com.vajra.TestClass.BaseClasss" name="@BeforeClass setup" time="7.569">
    <failure type="org.openqa.selenium.SessionNotCreatedException" message="session not created: This version of ChromeDriver only supports Chrome version 84
Build info: version: &amp;apos;3.141.59&amp;apos;, revision: &amp;apos;e82be7d358&amp;apos;, time: &amp;apos;2018-11-14T08:17:03&amp;apos;
System info: host: &amp;apos;ISSLT560&amp;apos;, ip: &amp;apos;172.16.1.4&amp;apos;, os.name: &amp;apos;Windows 10&amp;apos;, os.arch: &amp;apos;amd64&amp;apos;, os.version: &amp;apos;10.0&amp;apos;, java.version: &amp;apos;15.0.2&amp;apos;
Driver info: driver.version: ChromeDriver
remote stacktrace: Backtrace:
	Ordinal0 [0x011487E3+2852835]
	Ordinal0 [0x01035BB1+1727409]
	Ordinal0 [0x00F0E4B9+517305]
	Ordinal0 [0x00EA0BA0+68512]
	Ordinal0 [0x00E9D3A0+54176]
	Ordinal0 [0x00EBD9F7+186871]
	Ordinal0 [0x00EBD7FD+186365]
	Ordinal0 [0x00EBB70B+177931]
	Ordinal0 [0x00EA2584+75140]
	Ordinal0 [0x00EA3650+79440]
	Ordinal0 [0x00EA35E9+79337]
	Ordinal0 [0x0104AD5C+1813852]
	GetHandleVerifier [0x0126C616+1075574]
	GetHandleVerifier [0x0126C367+1074887]
	GetHandleVerifier [0x01277497+1120247]
	GetHandleVerifier [0x0126CC16+1077110]
	Ordinal0 [0x01043206+1782278]
	Ordinal0 [0x0104C3BB+1819579]
	Ordinal0 [0x0104C523+1819939]
	Ordinal0 [0x01062B45+1911621]
	BaseThreadInitThunk [0x76CD62C4+36]
	RtlSubscribeWnfStateChangeNotification [0x77060F79+1081]
	RtlSubscribeWnfStateChangeNotification [0x77060F44+1028]
">
      <![CDATA[org.openqa.selenium.SessionNotCreatedException: session not created: This version of ChromeDriver only supports Chrome version 84
Build info: version: '3.141.59', revision: 'e82be7d358', time: '2018-11-14T08:17:03'
System info: host: 'ISSLT560', ip: '172.16.1.4', os.name: 'Windows 10', os.arch: 'amd64', os.version: '10.0', java.version: '15.0.2'
Driver info: driver.version: ChromeDriver
remote stacktrace: Backtrace:
Ordinal0 [0x011487E3+2852835]
Ordinal0 [0x01035BB1+1727409]
Ordinal0 [0x00F0E4B9+517305]
Ordinal0 [0x00EA0BA0+68512]
Ordinal0 [0x00E9D3A0+54176]
Ordinal0 [0x00EBD9F7+186871]
Ordinal0 [0x00EBD7FD+186365]
Ordinal0 [0x00EBB70B+177931]
Ordinal0 [0x00EA2584+75140]
Ordinal0 [0x00EA3650+79440]
Ordinal0 [0x00EA35E9+79337]
Ordinal0 [0x0104AD5C+1813852]
GetHandleVerifier [0x0126C616+1075574]
GetHandleVerifier [0x0126C367+1074887]
GetHandleVerifier [0x01277497+1120247]
GetHandleVerifier [0x0126CC16+1077110]
Ordinal0 [0x01043206+1782278]
Ordinal0 [0x0104C3BB+1819579]
Ordinal0 [0x0104C523+1819939]
Ordinal0 [0x01062B45+1911621]
BaseThreadInitThunk [0x76CD62C4+36]
RtlSubscribeWnfStateChangeNotification [0x77060F79+1081]
RtlSubscribeWnfStateChangeNotification [0x77060F44+1028]

at org.openqa.selenium.remote.W3CHandshakeResponse.lambda$errorHandler$0(W3CHandshakeResponse.java:62)
at org.openqa.selenium.remote.HandshakeResponse.lambda$getResponseFunction$0(HandshakeResponse.java:30)
at org.openqa.selenium.remote.ProtocolHandshake.lambda$createSession$0(ProtocolHandshake.java:126)
at java.base/java.util.stream.ReferencePipeline$3$1.accept(ReferencePipeline.java:195)
at java.base/java.util.Spliterators$ArraySpliterator.tryAdvance(Spliterators.java:958)
at java.base/java.util.stream.ReferencePipeline.forEachWithCancel(ReferencePipeline.java:127)
at java.base/java.util.stream.AbstractPipeline.copyIntoWithCancel(AbstractPipeline.java:502)
at java.base/java.util.stream.AbstractPipeline.copyInto(AbstractPipeline.java:488)
at java.base/java.util.stream.AbstractPipeline.wrapAndCopyInto(AbstractPipeline.java:474)
at java.base/java.util.stream.FindOps$FindOp.evaluateSequential(FindOps.java:150)
at java.base/java.util.stream.AbstractPipeline.evaluate(AbstractPipeline.java:234)
at java.base/java.util.stream.ReferencePipeline.findFirst(ReferencePipeline.java:543)
at org.openqa.selenium.remote.ProtocolHandshake.createSession(ProtocolHandshake.java:128)
at org.openqa.selenium.remote.ProtocolHandshake.createSession(ProtocolHandshake.java:74)
at org.openqa.selenium.remote.HttpCommandExecutor.execute(HttpCommandExecutor.java:136)
at org.openqa.selenium.remote.service.DriverCommandExecutor.execute(DriverCommandExecutor.java:83)
at org.openqa.selenium.remote.RemoteWebDriver.execute(RemoteWebDriver.java:552)
at org.openqa.selenium.remote.RemoteWebDriver.startSession(RemoteWebDriver.java:213)
at org.openqa.selenium.remote.RemoteWebDriver.<init>(RemoteWebDriver.java:131)
at org.openqa.selenium.chrome.ChromeDriver.<init>(ChromeDriver.java:181)
at org.openqa.selenium.chrome.ChromeDriver.<init>(ChromeDriver.java:168)
at org.openqa.selenium.chrome.ChromeDriver.<init>(ChromeDriver.java:123)
at com.vajra.TestClass.BaseClasss.setup(BaseClasss.java:33)
at java.base/java.util.ArrayList.forEach(ArrayList.java:1511)
... Removed 30 stack frames]]>
    </failure>
  </testcase> <!-- @BeforeClass setup -->
  <testcase classname="com.vajra.TestClass.BaseClasss" name="@AfterClass teardown" time="-1.615277326239E9">
    <skipped/>
  </testcase> <!-- @AfterClass teardown -->
  <testcase classname="com.vajra.TestClass.Login_TestCase_001" name="Login_TestCase" time="0.0">
    <skipped/>
  </testcase> <!-- Login_TestCase -->
</testsuite> <!-- Vajra -->
